{
  "stats": {
    "suites": 2,
    "tests": 10,
    "passes": 10,
    "pending": 0,
    "failures": 0,
    "start": "2023-12-19T14:47:33.842Z",
    "end": "2023-12-19T14:49:55.827Z",
    "duration": 141985,
    "testsRegistered": 10,
    "passPercent": 100,
    "pendingPercent": 0,
    "other": 0,
    "hasOther": false,
    "skipped": 0,
    "hasSkipped": false
  },
  "results": [
    {
      "uuid": "90efd78b-071b-445f-9082-75aa59d05ab0",
      "title": "",
      "fullFile": "cypress\\e2e\\login.cy.js",
      "file": "cypress\\e2e\\login.cy.js",
      "beforeHooks": [],
      "afterHooks": [],
      "tests": [],
      "suites": [
        {
          "uuid": "489f8466-722d-4b12-8800-3b7b1c7467d8",
          "title": "Login Scenarios in English and Arabic Language",
          "fullFile": "",
          "file": "",
          "beforeHooks": [],
          "afterHooks": [],
          "tests": [
            {
              "title": "En => Login with correct Email and corrct Password",
              "fullTitle": "Login Scenarios in English and Arabic Language En => Login with correct Email and corrct Password",
              "timedOut": null,
              "duration": 18038,
              "state": "passed",
              "speed": "slow",
              "pass": true,
              "fail": false,
              "pending": false,
              "context": null,
              "code": "cy.wait(5000);\ncy.fixture('login_data.json').then(users => {\n  let findQuery = x => x.id === 1;\n  let user = users.find(x => findQuery(x));\n  _login.default.loginInEN(user.email, user.password);\n});",
              "err": {},
              "uuid": "68025f69-c831-4e7e-a1b1-0d67a823ab6f",
              "parentUUID": "489f8466-722d-4b12-8800-3b7b1c7467d8",
              "isHook": false,
              "skipped": false
            },
            {
              "title": "En => Login with correct Email and incorrect Password",
              "fullTitle": "Login Scenarios in English and Arabic Language En => Login with correct Email and incorrect Password",
              "timedOut": null,
              "duration": 14118,
              "state": "passed",
              "speed": "slow",
              "pass": true,
              "fail": false,
              "pending": false,
              "context": null,
              "code": "cy.wait(5000);\ncy.fixture('login_data.json').then(users => {\n  let findQuery = x => x.id === 2;\n  let user = users.find(x => findQuery(x));\n  _login.default.loginInEN(user.email, user.password, 'Invalid credentials');\n});",
              "err": {},
              "uuid": "932bc58a-368c-48c6-accd-6316590e3b18",
              "parentUUID": "489f8466-722d-4b12-8800-3b7b1c7467d8",
              "isHook": false,
              "skipped": false
            },
            {
              "title": "En => Login with incorrect Email and correct Password",
              "fullTitle": "Login Scenarios in English and Arabic Language En => Login with incorrect Email and correct Password",
              "timedOut": null,
              "duration": 12776,
              "state": "passed",
              "speed": "slow",
              "pass": true,
              "fail": false,
              "pending": false,
              "context": null,
              "code": "cy.wait(5000);\ncy.fixture('login_data.json').then(users => {\n  let findQuery = x => x.id === 3;\n  let user = users.find(x => findQuery(x));\n  _login.default.loginInEN(user.email, user.password, 'Invalid credentials');\n});",
              "err": {},
              "uuid": "34e05c35-79e9-4168-b4e6-599ae2d1f2cb",
              "parentUUID": "489f8466-722d-4b12-8800-3b7b1c7467d8",
              "isHook": false,
              "skipped": false
            },
            {
              "title": "En => Login with incorrect Email and incorrect Password",
              "fullTitle": "Login Scenarios in English and Arabic Language En => Login with incorrect Email and incorrect Password",
              "timedOut": null,
              "duration": 12583,
              "state": "passed",
              "speed": "slow",
              "pass": true,
              "fail": false,
              "pending": false,
              "context": null,
              "code": "cy.wait(5000);\ncy.fixture('login_data.json').then(users => {\n  let findQuery = x => x.id === 4;\n  let user = users.find(x => findQuery(x));\n  _login.default.loginInEN(user.email, user.password, 'Invalid credentials');\n});",
              "err": {},
              "uuid": "b66988ad-e9a5-4c54-bc14-b0d443dff338",
              "parentUUID": "489f8466-722d-4b12-8800-3b7b1c7467d8",
              "isHook": false,
              "skipped": false
            },
            {
              "title": "AR => Login with correct Email and corrct Password",
              "fullTitle": "Login Scenarios in English and Arabic Language AR => Login with correct Email and corrct Password",
              "timedOut": null,
              "duration": 17881,
              "state": "passed",
              "speed": "slow",
              "pass": true,
              "fail": false,
              "pending": false,
              "context": null,
              "code": "cy.wait(5000);\ncy.fixture('login_data.json').then(users => {\n  let findQuery = x => x.id === 1;\n  let user = users.find(x => findQuery(x));\n  _login.default.loginInAR(user.email, user.password);\n});",
              "err": {},
              "uuid": "0aaeb85e-500d-4a5c-aa5a-270815f33dde",
              "parentUUID": "489f8466-722d-4b12-8800-3b7b1c7467d8",
              "isHook": false,
              "skipped": false
            },
            {
              "title": "AR => Login with correct Email and incorrect Password",
              "fullTitle": "Login Scenarios in English and Arabic Language AR => Login with correct Email and incorrect Password",
              "timedOut": null,
              "duration": 15170,
              "state": "passed",
              "speed": "slow",
              "pass": true,
              "fail": false,
              "pending": false,
              "context": null,
              "code": "cy.wait(5000);\ncy.fixture('login_data.json').then(users => {\n  let findQuery = x => x.id === 2;\n  let user = users.find(x => findQuery(x));\n  _login.default.loginInAR(user.email, user.password, 'Invalid credentials');\n});",
              "err": {},
              "uuid": "5658c8de-8d49-41f7-947e-10364722bf75",
              "parentUUID": "489f8466-722d-4b12-8800-3b7b1c7467d8",
              "isHook": false,
              "skipped": false
            },
            {
              "title": "AR => Login with incorrect Email and correct Password",
              "fullTitle": "Login Scenarios in English and Arabic Language AR => Login with incorrect Email and correct Password",
              "timedOut": null,
              "duration": 14537,
              "state": "passed",
              "speed": "slow",
              "pass": true,
              "fail": false,
              "pending": false,
              "context": null,
              "code": "cy.wait(5000);\ncy.fixture('login_data.json').then(users => {\n  let findQuery = x => x.id === 3;\n  let user = users.find(x => findQuery(x));\n  _login.default.loginInAR(user.email, user.password, 'Invalid credentials');\n});",
              "err": {},
              "uuid": "6bee5be6-e404-4701-8d2b-4375033d9b31",
              "parentUUID": "489f8466-722d-4b12-8800-3b7b1c7467d8",
              "isHook": false,
              "skipped": false
            },
            {
              "title": "AR => Login with incorrect Email and incorrect Password",
              "fullTitle": "Login Scenarios in English and Arabic Language AR => Login with incorrect Email and incorrect Password",
              "timedOut": null,
              "duration": 11541,
              "state": "passed",
              "speed": "slow",
              "pass": true,
              "fail": false,
              "pending": false,
              "context": null,
              "code": "cy.wait(5000);\ncy.fixture('login_data.json').then(users => {\n  let findQuery = x => x.id === 4;\n  let user = users.find(x => findQuery(x));\n  _login.default.loginInAR(user.email, user.password, 'Invalid credentials');\n});",
              "err": {},
              "uuid": "7bc4df2b-fbcc-42f2-93c9-1f2ea6fd9e27",
              "parentUUID": "489f8466-722d-4b12-8800-3b7b1c7467d8",
              "isHook": false,
              "skipped": false
            }
          ],
          "suites": [],
          "passes": [
            "68025f69-c831-4e7e-a1b1-0d67a823ab6f",
            "932bc58a-368c-48c6-accd-6316590e3b18",
            "34e05c35-79e9-4168-b4e6-599ae2d1f2cb",
            "b66988ad-e9a5-4c54-bc14-b0d443dff338",
            "0aaeb85e-500d-4a5c-aa5a-270815f33dde",
            "5658c8de-8d49-41f7-947e-10364722bf75",
            "6bee5be6-e404-4701-8d2b-4375033d9b31",
            "7bc4df2b-fbcc-42f2-93c9-1f2ea6fd9e27"
          ],
          "failures": [],
          "pending": [],
          "skipped": [],
          "duration": 116644,
          "root": false,
          "rootEmpty": false,
          "_timeout": 2000
        },
        {
          "uuid": "d134bcb1-8ba5-4699-adf0-9aa398df1b3f",
          "title": "Input Validations for Login",
          "fullFile": "",
          "file": "",
          "beforeHooks": [],
          "afterHooks": [],
          "tests": [
            {
              "title": "EN >> Verify the validations for required fields",
              "fullTitle": "Input Validations for Login EN >> Verify the validations for required fields",
              "timedOut": null,
              "duration": 11798,
              "state": "passed",
              "speed": "slow",
              "pass": true,
              "fail": false,
              "pending": false,
              "context": null,
              "code": "cy.wait(5000);\n_login.default.inputValidationsEN();",
              "err": {},
              "uuid": "a0e4120a-c101-4c20-a3de-126d4bc115ec",
              "parentUUID": "d134bcb1-8ba5-4699-adf0-9aa398df1b3f",
              "isHook": false,
              "skipped": false
            },
            {
              "title": "AR >> Verify the validations for required fields",
              "fullTitle": "Input Validations for Login AR >> Verify the validations for required fields",
              "timedOut": null,
              "duration": 11431,
              "state": "passed",
              "speed": "slow",
              "pass": true,
              "fail": false,
              "pending": false,
              "context": null,
              "code": "cy.wait(5000);\n_login.default.inputValidationsAR();",
              "err": {},
              "uuid": "3fdf62f6-debf-46d7-9d62-6c8306d2bc36",
              "parentUUID": "d134bcb1-8ba5-4699-adf0-9aa398df1b3f",
              "isHook": false,
              "skipped": false
            }
          ],
          "suites": [],
          "passes": [
            "a0e4120a-c101-4c20-a3de-126d4bc115ec",
            "3fdf62f6-debf-46d7-9d62-6c8306d2bc36"
          ],
          "failures": [],
          "pending": [],
          "skipped": [],
          "duration": 23229,
          "root": false,
          "rootEmpty": false,
          "_timeout": 2000
        }
      ],
      "passes": [],
      "failures": [],
      "pending": [],
      "skipped": [],
      "duration": 0,
      "root": true,
      "rootEmpty": true,
      "_timeout": 2000
    }
  ],
  "meta": {
    "mocha": {
      "version": "7.0.1"
    },
    "mochawesome": {
      "options": {
        "quiet": false,
        "reportFilename": "mochawesome",
        "saveHtml": true,
        "saveJson": true,
        "consoleReporter": "spec",
        "useInlineDiffs": false,
        "code": true
      },
      "version": "7.1.3"
    },
    "marge": {
      "options": null,
      "version": "6.2.0"
    }
  }
}